13:23:56 - 🚀 Starting iWinBack Native Sync from 2026-03-12 to 2026-03-14
13:23:56 -    Boxes: bhfs2, bxq4c, bb4p7, baj7f, bdka4
13:23:56 - 
📅 Processing: 2026-03-12
13:23:57 -    ⏳ [bhfs2] Job 2387 created, polling...
13:23:57 -    ⏳ [bhfs2] Status: 'queued' (attempt 1/120)
13:24:03 -    ✅ [bhfs2] Downloaded (19,798 bytes)
13:24:03 -    ⏳ [bxq4c] Job 1392 created, polling...
13:24:03 -    ⏳ [bxq4c] Status: 'queued' (attempt 1/120)
13:24:09 -    ✅ [bxq4c] Downloaded (15,454 bytes)
13:24:09 -    ⏳ [bb4p7] Job 2575 created, polling...
13:24:10 -    ⏳ [bb4p7] Status: 'queued' (attempt 1/120)
13:24:15 -    ✅ [bb4p7] Downloaded (13,524 bytes)
13:24:16 -    ⏳ [baj7f] Job 2729 created, polling...
13:24:16 -    ⏳ [baj7f] Status: 'queued' (attempt 1/120)
13:24:21 -    ✅ [baj7f] Downloaded (28,771 bytes)
13:24:22 -    ⏳ [bdka4] Job 75793 created, polling...
13:24:22 -    ⏳ [bdka4] Status: 'queued' (attempt 1/120)
13:24:33 -    ✅ [bdka4] Downloaded (34,696 bytes)
13:24:34 -    💾 Saved combined file: data/raw/callsu_daily\2026-03\2026-03-12.xlsx (198 rows)
13:24:35 -    ✅ Ingested 2026-03-12 via ETL pipeline!
13:24:35 - 
📅 Processing: 2026-03-13
13:24:36 -    ⏳ [bhfs2] Job 2388 created, polling...
13:24:36 -    ⏳ [bhfs2] Status: 'queued' (attempt 1/120)
13:24:41 -    ✅ [bhfs2] Downloaded (20,081 bytes)
13:24:42 -    ⏳ [bxq4c] Job 1393 created, polling...
13:24:42 -    ⏳ [bxq4c] Status: 'queued' (attempt 1/120)
13:24:48 -    ✅ [bxq4c] Downloaded (15,455 bytes)
13:24:48 -    ⏳ [bb4p7] Job 2576 created, polling...
13:24:48 -    ⏳ [bb4p7] Status: 'queued' (attempt 1/120)
13:24:54 -    ✅ [bb4p7] Downloaded (13,516 bytes)
13:24:54 -    ⏳ [baj7f] Job 2730 created, polling...
13:24:55 -    ⏳ [baj7f] Status: 'queued' (attempt 1/120)
13:25:05 -    ✅ [baj7f] Downloaded (28,890 bytes)
13:25:06 -    ⏳ [bdka4] Job 75794 created, polling...
13:25:06 -    ⏳ [bdka4] Status: 'queued' (attempt 1/120)
13:25:17 -    ✅ [bdka4] Downloaded (34,719 bytes)
13:25:17 -    💾 Saved combined file: data/raw/callsu_daily\2026-03\2026-03-13.xlsx (198 rows)
13:25:18 -    ✅ Ingested 2026-03-13 via ETL pipeline!
13:25:18 - 
📅 Processing: 2026-03-14
13:25:18 -    ⏳ [bhfs2] Job 2389 created, polling...
13:25:19 -    ⏳ [bhfs2] Status: 'queued' (attempt 1/120)
13:25:24 -    ✅ [bhfs2] Downloaded (19,714 bytes)
13:25:25 -    ⏳ [bxq4c] Job 1394 created, polling...
13:25:25 -    ⏳ [bxq4c] Status: 'queued' (attempt 1/120)
13:25:30 -    ✅ [bxq4c] Downloaded (15,454 bytes)
13:25:31 -    ⏳ [bb4p7] Job 2577 created, polling...
13:25:31 -    ⏳ [bb4p7] Status: 'queued' (attempt 1/120)
13:25:36 -    ✅ [bb4p7] Downloaded (13,479 bytes)
13:25:37 -    ⏳ [baj7f] Job 2731 created, polling...
13:25:37 -    ⏳ [baj7f] Status: 'queued' (attempt 1/120)
13:25:48 -    ✅ [baj7f] Downloaded (29,052 bytes)
13:25:49 -    ⏳ [bdka4] Job 75795 created, polling...
13:25:49 -    ⏳ [bdka4] Status: 'queued' (attempt 1/120)
13:26:00 -    ✅ [bdka4] Downloaded (33,855 bytes)
13:26:00 -    💾 Saved combined file: data/raw/callsu_daily\2026-03\2026-03-14.xlsx (196 rows)
13:26:00 -    ✅ Ingested 2026-03-14 via ETL pipeline!
13:26:00 - 
🏁 ALL REQUESTED PULLS COMPLETE!
